[0525/204857.047:ERROR:process_reader_win.cc(142)] SuspendThread: 拒绝访问。 (0x5)
[0525/204857.068:ERROR:process_reader_win.cc(233)] ReadMemory at 0x60d0048 of 32768 bytes failed: 仅完成部分的 ReadProcessMemory 或 WriteProcessMemory 请求。 (0x12B)
[0525/204857.068:WARNING:pe_image_annotations_reader.cc(65)] could not read simple annotations from C:\Program Files (x86)\Google\Chrome\Application\57.0.2987.133\chrome_elf.dll
[0525/205021.210:ERROR:http_transport_win.cc(50)] WinHttpSendRequest: 与服务器的连接意外终止  (0x2EFE)
[0526/132410.852:ERROR:process_reader_win.cc(233)] ReadMemory at 0x5bc0048 of 32768 bytes failed: 仅完成部分的 ReadProcessMemory 或 WriteProcessMemory 请求。 (0x12B)
[0526/132410.854:WARNING:pe_image_annotations_reader.cc(65)] could not read simple annotations from C:\Program Files (x86)\Google\Chrome\Application\57.0.2987.133\chrome_elf.dll
[0526/132410.883:ERROR:process_reader_win.cc(233)] ReadMemory at 0xf53c58 of 22 bytes failed: 仅完成部分的 ReadProcessMemory 或 WriteProcessMemory 请求。 (0x12B)
[0526/132410.883:ERROR:crash_report_exception_handler.cc(111)] WriteEverything failed
[0526/132410.885:ERROR:scoped_process_suspend.cc(38)] NtResumeProcess: 已尝试访问正在退出的过程。  (0xc000010a)
[0526/141919.511:ERROR:process_reader_win.cc(233)] ReadMemory at 0x5df0048 of 32768 bytes failed: 仅完成部分的 ReadProcessMemory 或 WriteProcessMemory 请求。 (0x12B)
[0526/141919.511:WARNING:pe_image_annotations_reader.cc(65)] could not read simple annotations from C:\Program Files (x86)\Google\Chrome\Application\57.0.2987.133\chrome_elf.dll
[0526/141919.543:ERROR:process_reader_win.cc(233)] ReadMemory at 0x5a90048 of 32768 bytes failed: 仅完成部分的 ReadProcessMemory 或 WriteProcessMemory 请求。 (0x12B)
[0526/141919.543:WARNING:pe_image_annotations_reader.cc(65)] could not read simple annotations from C:\Program Files (x86)\Google\Chrome\Application\57.0.2987.133\chrome_elf.dll
[0527/112036.174:ERROR:http_transport_win.cc(50)] WinHttpSendRequest: 与服务器的连接意外终止  (0x2EFE)
[0527/183810.746:ERROR:http_transport_win.cc(50)] WinHttpSendRequest: 与服务器的连接意外终止  (0x2EFE)
[0527/215032.525:ERROR:process_reader_win.cc(233)] ReadMemory at 0x46f5000 of 45056 bytes failed: 仅完成部分的 ReadProcessMemory 或 WriteProcessMemory 请求。 (0x12B)
[0527/215032.525:ERROR:crash_report_exception_handler.cc(111)] WriteEverything failed
[0527/215032.527:ERROR:scoped_process_suspend.cc(38)] NtResumeProcess: 已尝试访问正在退出的过程。  (0xc000010a)
[0527/221021.341:ERROR:process_reader_win.cc(142)] SuspendThread: 拒绝访问。 (0x5)
[0527/221021.356:ERROR:process_reader_win.cc(233)] ReadMemory at 0x5f50048 of 32768 bytes failed: 仅完成部分的 ReadProcessMemory 或 WriteProcessMemory 请求。 (0x12B)
[0527/221021.357:WARNING:pe_image_annotations_reader.cc(65)] could not read simple annotations from C:\Program Files (x86)\Google\Chrome\Application\57.0.2987.133\chrome_elf.dll
[0527/221145.516:ERROR:http_transport_win.cc(50)] WinHttpSendRequest: 与服务器的连接意外终止  (0x2EFE)
[0527/221212.161:ERROR:process_reader_win.cc(142)] SuspendThread: 拒绝访问。 (0x5)
[0527/221212.161:ERROR:process_reader_win.cc(142)] SuspendThread: 拒绝访问。 (0x5)
[0527/221212.161:ERROR:process_reader_win.cc(142)] SuspendThread: 拒绝访问。 (0x5)
[0527/221212.161:ERROR:process_reader_win.cc(142)] SuspendThread: 拒绝访问。 (0x5)
[0527/221212.162:ERROR:process_reader_win.cc(142)] SuspendThread: 拒绝访问。 (0x5)
[0527/221212.162:ERROR:process_reader_win.cc(142)] SuspendThread: 拒绝访问。 (0x5)
[0527/221212.162:ERROR:process_reader_win.cc(142)] SuspendThread: 拒绝访问。 (0x5)
[0527/221212.177:ERROR:process_reader_win.cc(233)] ReadMemory at 0x58b0048 of 32768 bytes failed: 仅完成部分的 ReadProcessMemory 或 WriteProcessMemory 请求。 (0x12B)
[0527/221212.177:WARNING:pe_image_annotations_reader.cc(65)] could not read simple annotations from C:\Program Files (x86)\Google\Chrome\Application\57.0.2987.133\chrome_elf.dll
[0527/221212.186:ERROR:process_reader_win.cc(142)] SuspendThread: 拒绝访问。 (0x5)
[0527/221212.186:ERROR:process_reader_win.cc(142)] SuspendThread: 拒绝访问。 (0x5)
[0527/221212.186:ERROR:process_reader_win.cc(142)] SuspendThread: 拒绝访问。 (0x5)
[0527/221212.186:ERROR:process_reader_win.cc(142)] SuspendThread: 拒绝访问。 (0x5)
[0527/221212.186:ERROR:process_reader_win.cc(142)] SuspendThread: 拒绝访问。 (0x5)
[0527/221212.187:ERROR:process_reader_win.cc(142)] SuspendThread: 拒绝访问。 (0x5)
[0527/221212.187:ERROR:process_reader_win.cc(142)] SuspendThread: 拒绝访问。 (0x5)
[0527/221212.187:ERROR:process_reader_win.cc(142)] SuspendThread: 拒绝访问。 (0x5)
[0527/221212.187:ERROR:process_reader_win.cc(142)] SuspendThread: 拒绝访问。 (0x5)
[0527/221212.202:ERROR:process_reader_win.cc(233)] ReadMemory at 0x55b0048 of 32768 bytes failed: 仅完成部分的 ReadProcessMemory 或 WriteProcessMemory 请求。 (0x12B)
[0527/221212.202:WARNING:pe_image_annotations_reader.cc(65)] could not read simple annotations from C:\Program Files (x86)\Google\Chrome\Application\57.0.2987.133\chrome_elf.dll
[0527/221212.317:ERROR:process_reader_win.cc(142)] SuspendThread: 拒绝访问。 (0x5)
[0527/221212.352:ERROR:process_reader_win.cc(233)] ReadMemory at 0x54a0048 of 32768 bytes failed: 仅完成部分的 ReadProcessMemory 或 WriteProcessMemory 请求。 (0x12B)
[0527/221212.352:WARNING:pe_image_annotations_reader.cc(65)] could not read simple annotations from C:\Program Files (x86)\Google\Chrome\Application\57.0.2987.133\chrome_elf.dll
[0528/073136.400:ERROR:process_reader_win.cc(142)] SuspendThread: 拒绝访问。 (0x5)
[0528/073136.452:ERROR:process_reader_win.cc(142)] SuspendThread: 拒绝访问。 (0x5)
[0528/073136.452:ERROR:process_reader_win.cc(142)] SuspendThread: 拒绝访问。 (0x5)
[0528/073136.452:ERROR:process_reader_win.cc(142)] SuspendThread: 拒绝访问。 (0x5)
[0528/073136.452:ERROR:process_reader_win.cc(142)] SuspendThread: 拒绝访问。 (0x5)
[0528/073136.452:ERROR:process_reader_win.cc(142)] SuspendThread: 拒绝访问。 (0x5)
[0528/073136.452:ERROR:process_reader_win.cc(142)] SuspendThread: 拒绝访问。 (0x5)
[0528/073136.452:ERROR:process_reader_win.cc(142)] SuspendThread: 拒绝访问。 (0x5)
[0528/073136.452:ERROR:process_reader_win.cc(142)] SuspendThread: 拒绝访问。 (0x5)
[0528/073136.452:ERROR:process_reader_win.cc(142)] SuspendThread: 拒绝访问。 (0x5)
[0528/073136.452:ERROR:process_reader_win.cc(142)] SuspendThread: 拒绝访问。 (0x5)
[0528/073136.469:ERROR:process_reader_win.cc(233)] ReadMemory at 0x5d10048 of 32768 bytes failed: 仅完成部分的 ReadProcessMemory 或 WriteProcessMemory 请求。 (0x12B)
[0528/073136.469:WARNING:pe_image_annotations_reader.cc(65)] could not read simple annotations from C:\Program Files (x86)\Google\Chrome\Application\57.0.2987.133\chrome_elf.dll
[0528/073136.612:ERROR:process_reader_win.cc(142)] SuspendThread: 拒绝访问。 (0x5)
[0528/073136.612:ERROR:process_reader_win.cc(142)] SuspendThread: 拒绝访问。 (0x5)
[0528/073136.612:ERROR:process_reader_win.cc(142)] SuspendThread: 拒绝访问。 (0x5)
[0528/073136.612:ERROR:process_reader_win.cc(142)] SuspendThread: 拒绝访问。 (0x5)
[0528/073136.612:ERROR:process_reader_win.cc(142)] SuspendThread: 拒绝访问。 (0x5)
[0528/073136.612:ERROR:process_reader_win.cc(142)] SuspendThread: 拒绝访问。 (0x5)
[0528/073136.612:ERROR:process_reader_win.cc(142)] SuspendThread: 拒绝访问。 (0x5)
[0528/073136.613:ERROR:process_reader_win.cc(142)] SuspendThread: 拒绝访问。 (0x5)
[0528/073136.613:ERROR:process_reader_win.cc(142)] SuspendThread: 拒绝访问。 (0x5)
[0528/073136.613:ERROR:process_reader_win.cc(142)] SuspendThread: 拒绝访问。 (0x5)
[0528/073136.628:ERROR:process_reader_win.cc(233)] ReadMemory at 0x5e10048 of 32768 bytes failed: 仅完成部分的 ReadProcessMemory 或 WriteProcessMemory 请求。 (0x12B)
[0528/073136.628:WARNING:pe_image_annotations_reader.cc(65)] could not read simple annotations from C:\Program Files (x86)\Google\Chrome\Application\57.0.2987.133\chrome_elf.dll
[0528/073136.666:ERROR:process_reader_win.cc(142)] SuspendThread: 拒绝访问。 (0x5)
[0528/073136.666:ERROR:process_reader_win.cc(142)] SuspendThread: 拒绝访问。 (0x5)
[0528/073136.666:ERROR:process_reader_win.cc(142)] SuspendThread: 拒绝访问。 (0x5)
[0528/073136.666:ERROR:process_reader_win.cc(142)] SuspendThread: 拒绝访问。 (0x5)
[0528/073136.667:ERROR:process_reader_win.cc(142)] SuspendThread: 拒绝访问。 (0x5)
[0528/073136.667:ERROR:process_reader_win.cc(142)] SuspendThread: 拒绝访问。 (0x5)
[0528/073136.667:ERROR:process_reader_win.cc(142)] SuspendThread: 拒绝访问。 (0x5)
[0528/073136.667:ERROR:process_reader_win.cc(142)] SuspendThread: 拒绝访问。 (0x5)
[0528/073136.667:ERROR:process_reader_win.cc(142)] SuspendThread: 拒绝访问。 (0x5)
[0528/073136.682:ERROR:process_reader_win.cc(233)] ReadMemory at 0x5540048 of 32768 bytes failed: 仅完成部分的 ReadProcessMemory 或 WriteProcessMemory 请求。 (0x12B)
[0528/073136.682:WARNING:pe_image_annotations_reader.cc(65)] could not read simple annotations from C:\Program Files (x86)\Google\Chrome\Application\57.0.2987.133\chrome_elf.dll
[0528/073136.851:ERROR:process_reader_win.cc(142)] SuspendThread: 拒绝访问。 (0x5)
[0528/073136.869:ERROR:process_reader_win.cc(233)] ReadMemory at 0x5720048 of 32768 bytes failed: 仅完成部分的 ReadProcessMemory 或 WriteProcessMemory 请求。 (0x12B)
[0528/073136.869:WARNING:pe_image_annotations_reader.cc(65)] could not read simple annotations from C:\Program Files (x86)\Google\Chrome\Application\57.0.2987.133\chrome_elf.dll
[0528/073747.563:ERROR:http_transport_win.cc(50)] WinHttpSendRequest: 与服务器的连接意外终止  (0x2EFE)
[0528/105932.273:ERROR:process_reader_win.cc(142)] SuspendThread: 拒绝访问。 (0x5)
[0528/105932.317:ERROR:process_reader_win.cc(142)] SuspendThread: 拒绝访问。 (0x5)
[0528/105932.345:ERROR:process_reader_win.cc(233)] ReadMemory at 0x5f70048 of 32768 bytes failed: 仅完成部分的 ReadProcessMemory 或 WriteProcessMemory 请求。 (0x12B)
[0528/105932.345:WARNING:pe_image_annotations_reader.cc(65)] could not read simple annotations from C:\Program Files (x86)\Google\Chrome\Application\57.0.2987.133\chrome_elf.dll
[0528/105932.345:ERROR:process_reader_win.cc(233)] ReadMemory at 0x54e0048 of 32768 bytes failed: 仅完成部分的 ReadProcessMemory 或 WriteProcessMemory 请求。 (0x12B)
[0528/105932.346:WARNING:pe_image_annotations_reader.cc(65)] could not read simple annotations from C:\Program Files (x86)\Google\Chrome\Application\57.0.2987.133\chrome_elf.dll
[0528/105932.365:ERROR:process_reader_win.cc(142)] SuspendThread: 拒绝访问。 (0x5)
[0528/105932.406:ERROR:process_reader_win.cc(233)] ReadMemory at 0x5a00048 of 32768 bytes failed: 仅完成部分的 ReadProcessMemory 或 WriteProcessMemory 请求。 (0x12B)
[0528/105932.406:WARNING:pe_image_annotations_reader.cc(65)] could not read simple annotations from C:\Program Files (x86)\Google\Chrome\Application\57.0.2987.133\chrome_elf.dll
[0528/110947.944:ERROR:http_transport_win.cc(50)] WinHttpSendRequest: 与服务器的连接意外终止  (0x2EFE)
[0528/120925.368:ERROR:process_reader_win.cc(142)] SuspendThread: 拒绝访问。 (0x5)
[0528/120925.369:ERROR:process_reader_win.cc(142)] SuspendThread: 拒绝访问。 (0x5)
[0528/120925.369:ERROR:process_reader_win.cc(142)] SuspendThread: 拒绝访问。 (0x5)
[0528/120925.369:ERROR:process_reader_win.cc(142)] SuspendThread: 拒绝访问。 (0x5)
[0528/120925.369:ERROR:process_reader_win.cc(142)] SuspendThread: 拒绝访问。 (0x5)
[0528/120925.369:ERROR:process_reader_win.cc(142)] SuspendThread: 拒绝访问。 (0x5)
[0528/120925.370:ERROR:process_reader_win.cc(142)] SuspendThread: 拒绝访问。 (0x5)
[0528/120925.385:ERROR:process_reader_win.cc(233)] ReadMemory at 0x5c40048 of 32768 bytes failed: 仅完成部分的 ReadProcessMemory 或 WriteProcessMemory 请求。 (0x12B)
[0528/120925.385:WARNING:pe_image_annotations_reader.cc(65)] could not read simple annotations from C:\Program Files (x86)\Google\Chrome\Application\57.0.2987.133\chrome_elf.dll
[0528/120925.406:ERROR:process_reader_win.cc(142)] SuspendThread: 拒绝访问。 (0x5)
[0528/120925.407:ERROR:process_reader_win.cc(142)] SuspendThread: 拒绝访问。 (0x5)
[0528/120925.407:ERROR:process_reader_win.cc(142)] SuspendThread: 拒绝访问。 (0x5)
[0528/120925.407:ERROR:process_reader_win.cc(142)] SuspendThread: 拒绝访问。 (0x5)
[0528/120925.407:ERROR:process_reader_win.cc(142)] SuspendThread: 拒绝访问。 (0x5)
[0528/120925.407:ERROR:process_reader_win.cc(142)] SuspendThread: 拒绝访问。 (0x5)
[0528/120925.407:ERROR:process_reader_win.cc(142)] SuspendThread: 拒绝访问。 (0x5)
[0528/120925.407:ERROR:process_reader_win.cc(142)] SuspendThread: 拒绝访问。 (0x5)
[0528/120925.407:ERROR:process_reader_win.cc(142)] SuspendThread: 拒绝访问。 (0x5)
[0528/120925.407:ERROR:process_reader_win.cc(142)] SuspendThread: 拒绝访问。 (0x5)
[0528/120925.424:ERROR:process_reader_win.cc(233)] ReadMemory at 0x5d00048 of 32768 bytes failed: 仅完成部分的 ReadProcessMemory 或 WriteProcessMemory 请求。 (0x12B)
[0528/120925.424:WARNING:pe_image_annotations_reader.cc(65)] could not read simple annotations from C:\Program Files (x86)\Google\Chrome\Application\57.0.2987.133\chrome_elf.dll
[0529/135357.382:ERROR:process_reader_win.cc(233)] ReadMemory at 0x6110048 of 32768 bytes failed: 仅完成部分的 ReadProcessMemory 或 WriteProcessMemory 请求。 (0x12B)
[0529/135357.415:WARNING:pe_image_annotations_reader.cc(65)] could not read simple annotations from C:\Program Files (x86)\Google\Chrome\Application\57.0.2987.133\chrome_elf.dll
[0529/135357.448:ERROR:process_reader_win.cc(233)] ReadMemory at 0x54c5000 of 45056 bytes failed: 仅完成部分的 ReadProcessMemory 或 WriteProcessMemory 请求。 (0x12B)
[0529/135357.448:ERROR:crash_report_exception_handler.cc(111)] WriteEverything failed
[0529/135357.450:ERROR:scoped_process_suspend.cc(38)] NtResumeProcess: 已尝试访问正在退出的过程。  (0xc000010a)
[0529/143221.792:ERROR:process_reader_win.cc(142)] SuspendThread: 拒绝访问。 (0x5)
[0529/143221.854:ERROR:process_reader_win.cc(142)] SuspendThread: 拒绝访问。 (0x5)
[0529/143221.919:ERROR:process_reader_win.cc(233)] ReadMemory at 0x58d0048 of 32768 bytes failed: 仅完成部分的 ReadProcessMemory 或 WriteProcessMemory 请求。 (0x12B)
[0529/143221.919:ERROR:process_reader_win.cc(233)] ReadMemory at 0x5900048 of 32768 bytes failed: 仅完成部分的 ReadProcessMemory 或 WriteProcessMemory 请求。 (0x12B)
[0529/143221.919:WARNING:pe_image_annotations_reader.cc(65)] could not read simple annotations from C:\Program Files (x86)\Google\Chrome\Application\57.0.2987.133\chrome_elf.dll
[0529/143221.919:WARNING:pe_image_annotations_reader.cc(65)] could not read simple annotations from C:\Program Files (x86)\Google\Chrome\Application\57.0.2987.133\chrome_elf.dll
[0529/143221.975:ERROR:process_reader_win.cc(233)] ReadMemory at 0x61f0048 of 32768 bytes failed: 仅完成部分的 ReadProcessMemory 或 WriteProcessMemory 请求。 (0x12B)
[0529/143221.975:WARNING:pe_image_annotations_reader.cc(65)] could not read simple annotations from C:\Program Files (x86)\Google\Chrome\Application\57.0.2987.133\chrome_elf.dll
[0529/143346.135:ERROR:http_transport_win.cc(50)] WinHttpSendRequest: 与服务器的连接意外终止  (0x2EFE)
[0529/194135.517:ERROR:http_transport_win.cc(50)] WinHttpSendRequest: 与服务器的连接意外终止  (0x2EFE)
[0529/194358.232:ERROR:process_reader_win.cc(142)] SuspendThread: 拒绝访问。 (0x5)
[0529/194358.233:ERROR:exception_snapshot_win.cc(87)] thread ID 8304 not found in process
[0529/194358.233:WARNING:crash_report_exception_handler.cc(60)] ProcessSnapshotWin::Initialize failed
[0529/194358.233:ERROR:scoped_process_suspend.cc(38)] NtResumeProcess: 已尝试访问正在退出的过程。  (0xc000010a)
[0529/213142.040:ERROR:process_reader_win.cc(142)] SuspendThread: 拒绝访问。 (0x5)
[0529/213142.042:ERROR:process_reader_win.cc(142)] SuspendThread: 拒绝访问。 (0x5)
[0529/213142.042:ERROR:process_reader_win.cc(142)] SuspendThread: 拒绝访问。 (0x5)
[0529/213142.042:ERROR:process_reader_win.cc(142)] SuspendThread: 拒绝访问。 (0x5)
[0529/213142.042:ERROR:process_reader_win.cc(142)] SuspendThread: 拒绝访问。 (0x5)
[0529/213142.042:ERROR:process_reader_win.cc(142)] SuspendThread: 拒绝访问。 (0x5)
[0529/213142.042:ERROR:process_reader_win.cc(142)] SuspendThread: 拒绝访问。 (0x5)
[0529/213142.042:ERROR:process_reader_win.cc(142)] SuspendThread: 拒绝访问。 (0x5)
[0529/213142.053:ERROR:process_reader_win.cc(142)] SuspendThread: 拒绝访问。 (0x5)
[0529/213142.054:ERROR:process_reader_win.cc(142)] SuspendThread: 拒绝访问。 (0x5)
[0529/213142.054:ERROR:process_reader_win.cc(142)] SuspendThread: 拒绝访问。 (0x5)
[0529/213142.054:ERROR:process_reader_win.cc(142)] SuspendThread: 拒绝访问。 (0x5)
[0529/213142.054:ERROR:process_reader_win.cc(142)] SuspendThread: 拒绝访问。 (0x5)
[0529/213142.054:ERROR:process_reader_win.cc(142)] SuspendThread: 拒绝访问。 (0x5)
[0529/213142.054:ERROR:process_reader_win.cc(142)] SuspendThread: 拒绝访问。 (0x5)
[0529/213142.054:ERROR:process_reader_win.cc(142)] SuspendThread: 拒绝访问。 (0x5)
[0529/213142.054:ERROR:process_reader_win.cc(142)] SuspendThread: 拒绝访问。 (0x5)
[0529/213142.137:ERROR:process_reader_win.cc(233)] ReadMemory at 0x6020048 of 32768 bytes failed: 仅完成部分的 ReadProcessMemory 或 WriteProcessMemory 请求。 (0x12B)
[0529/213142.137:ERROR:process_reader_win.cc(233)] ReadMemory at 0x5bd0048 of 32768 bytes failed: 仅完成部分的 ReadProcessMemory 或 WriteProcessMemory 请求。 (0x12B)
[0529/213142.137:WARNING:pe_image_annotations_reader.cc(65)] could not read simple annotations from C:\Program Files (x86)\Google\Chrome\Application\57.0.2987.133\chrome_elf.dll
[0529/213142.137:WARNING:pe_image_annotations_reader.cc(65)] could not read simple annotations from C:\Program Files (x86)\Google\Chrome\Application\57.0.2987.133\chrome_elf.dll
[0529/213142.138:ERROR:process_reader_win.cc(233)] ReadMemory at 0x5fb0048 of 32768 bytes failed: 仅完成部分的 ReadProcessMemory 或 WriteProcessMemory 请求。 (0x12B)
[0529/213142.138:WARNING:pe_image_annotations_reader.cc(65)] could not read simple annotations from C:\Program Files (x86)\Google\Chrome\Application\57.0.2987.133\chrome_elf.dll
[0529/213306.252:ERROR:http_transport_win.cc(50)] WinHttpSendRequest: 与服务器的连接意外终止  (0x2EFE)
[0530/085838.518:ERROR:process_reader_win.cc(142)] SuspendThread: 拒绝访问。 (0x5)
[0530/085838.533:ERROR:process_reader_win.cc(142)] SuspendThread: 拒绝访问。 (0x5)
[0530/085838.533:ERROR:process_reader_win.cc(142)] SuspendThread: 拒绝访问。 (0x5)
[0530/085838.533:ERROR:process_reader_win.cc(142)] SuspendThread: 拒绝访问。 (0x5)
[0530/085838.533:ERROR:process_reader_win.cc(142)] SuspendThread: 拒绝访问。 (0x5)
[0530/085838.533:ERROR:process_reader_win.cc(142)] SuspendThread: 拒绝访问。 (0x5)
[0530/085838.533:ERROR:process_reader_win.cc(142)] SuspendThread: 拒绝访问。 (0x5)
[0530/085838.533:ERROR:process_reader_win.cc(142)] SuspendThread: 拒绝访问。 (0x5)
[0530/085838.596:ERROR:process_reader_win.cc(233)] ReadMemory at 0x5e50048 of 32768 bytes failed: 仅完成部分的 ReadProcessMemory 或 WriteProcessMemory 请求。 (0x12B)
[0530/085838.596:WARNING:pe_image_annotations_reader.cc(65)] could not read simple annotations from C:\Program Files (x86)\Google\Chrome\Application\57.0.2987.133\chrome_elf.dll
[0530/085838.611:ERROR:process_reader_win.cc(233)] ReadMemory at 0x5b30048 of 32768 bytes failed: 仅完成部分的 ReadProcessMemory 或 WriteProcessMemory 请求。 (0x12B)
[0530/085838.611:WARNING:pe_image_annotations_reader.cc(65)] could not read simple annotations from C:\Program Files (x86)\Google\Chrome\Application\57.0.2987.133\chrome_elf.dll
[0530/090508.227:ERROR:http_transport_win.cc(50)] WinHttpSendRequest: 与服务器的连接意外终止  (0x2EFE)
[0530/091645.885:ERROR:process_reader_win.cc(142)] SuspendThread: 拒绝访问。 (0x5)
[0530/091645.886:ERROR:process_reader_win.cc(142)] SuspendThread: 拒绝访问。 (0x5)
[0530/091645.886:ERROR:process_reader_win.cc(142)] SuspendThread: 拒绝访问。 (0x5)
[0530/091645.886:ERROR:process_reader_win.cc(142)] SuspendThread: 拒绝访问。 (0x5)
[0530/091645.886:ERROR:process_reader_win.cc(142)] SuspendThread: 拒绝访问。 (0x5)
[0530/091645.886:ERROR:process_reader_win.cc(142)] SuspendThread: 拒绝访问。 (0x5)
[0530/091645.886:ERROR:process_reader_win.cc(142)] SuspendThread: 拒绝访问。 (0x5)
[0530/091645.886:ERROR:process_reader_win.cc(142)] SuspendThread: 拒绝访问。 (0x5)
[0530/091645.894:ERROR:process_reader_win.cc(142)] SuspendThread: 拒绝访问。 (0x5)
[0530/091645.894:ERROR:process_reader_win.cc(142)] SuspendThread: 拒绝访问。 (0x5)
[0530/091645.894:ERROR:process_reader_win.cc(142)] SuspendThread: 拒绝访问。 (0x5)
[0530/091645.894:ERROR:process_reader_win.cc(142)] SuspendThread: 拒绝访问。 (0x5)
[0530/091645.894:ERROR:process_reader_win.cc(142)] SuspendThread: 拒绝访问。 (0x5)
[0530/091645.894:ERROR:process_reader_win.cc(142)] SuspendThread: 拒绝访问。 (0x5)
[0530/091645.894:ERROR:process_reader_win.cc(142)] SuspendThread: 拒绝访问。 (0x5)
[0530/091645.894:ERROR:process_reader_win.cc(142)] SuspendThread: 拒绝访问。 (0x5)
[0530/091645.894:ERROR:process_reader_win.cc(142)] SuspendThread: 拒绝访问。 (0x5)
[0530/091645.895:ERROR:process_reader_win.cc(142)] SuspendThread: 拒绝访问。 (0x5)
[0530/091645.896:ERROR:process_reader_win.cc(142)] SuspendThread: 拒绝访问。 (0x5)
[0530/091645.896:ERROR:process_reader_win.cc(142)] SuspendThread: 拒绝访问。 (0x5)
[0530/091645.896:ERROR:process_reader_win.cc(142)] SuspendThread: 拒绝访问。 (0x5)
[0530/091645.896:ERROR:process_reader_win.cc(142)] SuspendThread: 拒绝访问。 (0x5)
[0530/091645.896:ERROR:process_reader_win.cc(142)] SuspendThread: 拒绝访问。 (0x5)
[0530/091645.896:ERROR:process_reader_win.cc(142)] SuspendThread: 拒绝访问。 (0x5)
[0530/091645.896:ERROR:process_reader_win.cc(142)] SuspendThread: 拒绝访问。 (0x5)
[0530/091645.980:ERROR:process_reader_win.cc(233)] ReadMemory at 0x5ec0048 of 32768 bytes failed: 仅完成部分的 ReadProcessMemory 或 WriteProcessMemory 请求。 (0x12B)
[0530/091645.980:WARNING:pe_image_annotations_reader.cc(65)] could not read simple annotations from C:\Program Files (x86)\Google\Chrome\Application\57.0.2987.133\chrome_elf.dll
[0530/091645.980:ERROR:process_reader_win.cc(233)] ReadMemory at 0x5bf0048 of 32768 bytes failed: 仅完成部分的 ReadProcessMemory 或 WriteProcessMemory 请求。 (0x12B)
[0530/091645.980:WARNING:pe_image_annotations_reader.cc(65)] could not read simple annotations from C:\Program Files (x86)\Google\Chrome\Application\57.0.2987.133\chrome_elf.dll
[0530/091645.981:ERROR:process_reader_win.cc(233)] ReadMemory at 0x5700048 of 32768 bytes failed: 仅完成部分的 ReadProcessMemory 或 WriteProcessMemory 请求。 (0x12B)
[0530/091645.981:WARNING:pe_image_annotations_reader.cc(65)] could not read simple annotations from C:\Program Files (x86)\Google\Chrome\Application\57.0.2987.133\chrome_elf.dll
[0530/091645.981:ERROR:process_reader_win.cc(233)] ReadMemory at 0x5d70048 of 32768 bytes failed: 仅完成部分的 ReadProcessMemory 或 WriteProcessMemory 请求。 (0x12B)
[0530/091645.981:WARNING:pe_image_annotations_reader.cc(65)] could not read simple annotations from C:\Program Files (x86)\Google\Chrome\Application\57.0.2987.133\chrome_elf.dll
[0530/092835.677:ERROR:process_reader_win.cc(142)] SuspendThread: 拒绝访问。 (0x5)
[0530/092835.826:ERROR:process_reader_win.cc(233)] ReadMemory at 0x58f0048 of 32768 bytes failed: 仅完成部分的 ReadProcessMemory 或 WriteProcessMemory 请求。 (0x12B)
[0530/092835.826:WARNING:pe_image_annotations_reader.cc(65)] could not read simple annotations from C:\Program Files (x86)\Google\Chrome\Application\57.0.2987.133\chrome_elf.dll
[0530/092835.826:ERROR:process_reader_win.cc(233)] ReadMemory at 0x5400048 of 32768 bytes failed: 仅完成部分的 ReadProcessMemory 或 WriteProcessMemory 请求。 (0x12B)
[0530/092835.826:WARNING:pe_image_annotations_reader.cc(65)] could not read simple annotations from C:\Program Files (x86)\Google\Chrome\Application\57.0.2987.133\chrome_elf.dll
[0530/092835.837:ERROR:process_reader_win.cc(233)] ReadMemory at 0x5d50048 of 32768 bytes failed: 仅完成部分的 ReadProcessMemory 或 WriteProcessMemory 请求。 (0x12B)
[0530/092835.837:WARNING:pe_image_annotations_reader.cc(65)] could not read simple annotations from C:\Program Files (x86)\Google\Chrome\Application\57.0.2987.133\chrome_elf.dll
[0530/092835.838:ERROR:process_reader_win.cc(233)] ReadMemory at 0x5eb0048 of 32768 bytes failed: 仅完成部分的 ReadProcessMemory 或 WriteProcessMemory 请求。 (0x12B)
[0530/092835.838:WARNING:pe_image_annotations_reader.cc(65)] could not read simple annotations from C:\Program Files (x86)\Google\Chrome\Application\57.0.2987.133\chrome_elf.dll
[0530/110251.808:ERROR:process_reader_win.cc(142)] SuspendThread: 拒绝访问。 (0x5)
[0530/110251.862:ERROR:process_reader_win.cc(233)] ReadMemory at 0x5d80048 of 32768 bytes failed: 仅完成部分的 ReadProcessMemory 或 WriteProcessMemory 请求。 (0x12B)
[0530/110251.862:WARNING:pe_image_annotations_reader.cc(65)] could not read simple annotations from C:\Program Files (x86)\Google\Chrome\Application\57.0.2987.133\chrome_elf.dll
[0530/110251.894:ERROR:scoped_process_suspend.cc(38)] NtResumeProcess: 已尝试访问正在退出的过程。  (0xc000010a)
[0530/110415.977:ERROR:http_transport_win.cc(50)] WinHttpSendRequest: 与服务器的连接意外终止  (0x2EFE)
[0530/113006.063:ERROR:process_reader_win.cc(233)] ReadMemory at 0x5ba0048 of 32768 bytes failed: 仅完成部分的 ReadProcessMemory 或 WriteProcessMemory 请求。 (0x12B)
[0530/113006.063:WARNING:pe_image_annotations_reader.cc(65)] could not read simple annotations from C:\Program Files (x86)\Google\Chrome\Application\57.0.2987.133\chrome_elf.dll
[0530/113006.094:ERROR:process_reader_win.cc(233)] ReadMemory at 0x6130048 of 32768 bytes failed: 仅完成部分的 ReadProcessMemory 或 WriteProcessMemory 请求。 (0x12B)
[0530/113006.094:WARNING:pe_image_annotations_reader.cc(65)] could not read simple annotations from C:\Program Files (x86)\Google\Chrome\Application\57.0.2987.133\chrome_elf.dll
[0530/232036.018:ERROR:process_reader_win.cc(233)] ReadMemory at 0x5740048 of 32768 bytes failed: 仅完成部分的 ReadProcessMemory 或 WriteProcessMemory 请求。 (0x12B)
[0530/232036.028:WARNING:pe_image_annotations_reader.cc(65)] could not read simple annotations from C:\Program Files (x86)\Google\Chrome\Application\57.0.2987.133\chrome_elf.dll
[0531/132016.286:ERROR:process_reader_win.cc(233)] ReadMemory at 0x5f90048 of 32768 bytes failed: 仅完成部分的 ReadProcessMemory 或 WriteProcessMemory 请求。 (0x12B)
[0531/132016.317:WARNING:pe_image_annotations_reader.cc(65)] could not read simple annotations from C:\Program Files (x86)\Google\Chrome\Application\57.0.2987.133\chrome_elf.dll
[0531/132016.333:ERROR:process_reader_win.cc(233)] ReadMemory at 0x52c0048 of 32768 bytes failed: 仅完成部分的 ReadProcessMemory 或 WriteProcessMemory 请求。 (0x12B)
[0531/132016.333:WARNING:pe_image_annotations_reader.cc(65)] could not read simple annotations from C:\Program Files (x86)\Google\Chrome\Application\57.0.2987.133\chrome_elf.dll
[0531/223041.799:ERROR:http_transport_win.cc(50)] WinHttpSendRequest: 与服务器的连接意外终止  (0x2EFE)
[0531/232600.939:ERROR:process_reader_win.cc(142)] SuspendThread: 拒绝访问。 (0x5)
[0531/232601.028:ERROR:process_reader_win.cc(233)] ReadMemory at 0x53d0048 of 32768 bytes failed: 仅完成部分的 ReadProcessMemory 或 WriteProcessMemory 请求。 (0x12B)
[0531/232601.029:WARNING:pe_image_annotations_reader.cc(65)] could not read simple annotations from C:\Program Files (x86)\Google\Chrome\Application\57.0.2987.133\chrome_elf.dll
[0531/232601.048:ERROR:process_reader_win.cc(233)] ReadMemory at 0x54e0048 of 32768 bytes failed: 仅完成部分的 ReadProcessMemory 或 WriteProcessMemory 请求。 (0x12B)
[0531/232601.048:WARNING:pe_image_annotations_reader.cc(65)] could not read simple annotations from C:\Program Files (x86)\Google\Chrome\Application\57.0.2987.133\chrome_elf.dll
[0601/101241.000:ERROR:process_reader_win.cc(142)] SuspendThread: 拒绝访问。 (0x5)
[0601/101241.103:ERROR:process_reader_win.cc(233)] ReadMemory at 0x5520048 of 32768 bytes failed: 仅完成部分的 ReadProcessMemory 或 WriteProcessMemory 请求。 (0x12B)
[0601/101241.103:WARNING:pe_image_annotations_reader.cc(65)] could not read simple annotations from C:\Program Files (x86)\Google\Chrome\Application\57.0.2987.133\chrome_elf.dll
[0601/102649.295:ERROR:process_reader_win.cc(142)] SuspendThread: 拒绝访问。 (0x5)
[0601/102649.299:ERROR:process_reader_win.cc(142)] SuspendThread: 拒绝访问。 (0x5)
[0601/102649.310:ERROR:process_reader_win.cc(142)] SuspendThread: 拒绝访问。 (0x5)
[0601/102649.310:ERROR:process_reader_win.cc(142)] SuspendThread: 拒绝访问。 (0x5)
[0601/102649.310:ERROR:process_reader_win.cc(142)] SuspendThread: 拒绝访问。 (0x5)
[0601/102649.310:ERROR:process_reader_win.cc(142)] SuspendThread: 拒绝访问。 (0x5)
[0601/102649.310:ERROR:process_reader_win.cc(142)] SuspendThread: 拒绝访问。 (0x5)
[0601/102649.310:ERROR:process_reader_win.cc(142)] SuspendThread: 拒绝访问。 (0x5)
[0601/102649.310:ERROR:process_reader_win.cc(142)] SuspendThread: 拒绝访问。 (0x5)
[0601/102649.312:ERROR:process_reader_win.cc(142)] SuspendThread: 拒绝访问。 (0x5)
[0601/102649.312:ERROR:process_reader_win.cc(142)] SuspendThread: 拒绝访问。 (0x5)
[0601/102649.312:ERROR:process_reader_win.cc(142)] SuspendThread: 拒绝访问。 (0x5)
[0601/102649.312:ERROR:process_reader_win.cc(142)] SuspendThread: 拒绝访问。 (0x5)
[0601/102649.312:ERROR:process_reader_win.cc(142)] SuspendThread: 拒绝访问。 (0x5)
[0601/102649.312:ERROR:process_reader_win.cc(142)] SuspendThread: 拒绝访问。 (0x5)
[0601/102649.312:ERROR:process_reader_win.cc(142)] SuspendThread: 拒绝访问。 (0x5)
[0601/102649.312:ERROR:process_reader_win.cc(142)] SuspendThread: 拒绝访问。 (0x5)
[0601/102649.329:ERROR:process_reader_win.cc(233)] ReadMemory at 0x5b20048 of 32768 bytes failed: 仅完成部分的 ReadProcessMemory 或 WriteProcessMemory 请求。 (0x12B)
[0601/102649.329:WARNING:pe_image_annotations_reader.cc(65)] could not read simple annotations from C:\Program Files (x86)\Google\Chrome\Application\57.0.2987.133\chrome_elf.dll
[0601/102649.370:ERROR:process_reader_win.cc(142)] SuspendThread: 拒绝访问。 (0x5)
[0601/102649.374:ERROR:process_reader_win.cc(233)] ReadMemory at 0x5f40048 of 32768 bytes failed: 仅完成部分的 ReadProcessMemory 或 WriteProcessMemory 请求。 (0x12B)
[0601/102649.374:WARNING:pe_image_annotations_reader.cc(65)] could not read simple annotations from C:\Program Files (x86)\Google\Chrome\Application\57.0.2987.133\chrome_elf.dll
[0601/102649.386:ERROR:process_reader_win.cc(233)] ReadMemory at 0x54e0048 of 32768 bytes failed: 仅完成部分的 ReadProcessMemory 或 WriteProcessMemory 请求。 (0x12B)
[0601/102649.387:WARNING:pe_image_annotations_reader.cc(65)] could not read simple annotations from C:\Program Files (x86)\Google\Chrome\Application\57.0.2987.133\chrome_elf.dll
[0601/120156.142:ERROR:process_reader_win.cc(142)] SuspendThread: 拒绝访问。 (0x5)
[0601/120156.144:ERROR:process_reader_win.cc(142)] SuspendThread: 拒绝访问。 (0x5)
[0601/120156.144:ERROR:process_reader_win.cc(142)] SuspendThread: 拒绝访问。 (0x5)
[0601/120156.144:ERROR:process_reader_win.cc(142)] SuspendThread: 拒绝访问。 (0x5)
[0601/120156.145:ERROR:process_reader_win.cc(142)] SuspendThread: 拒绝访问。 (0x5)
[0601/120156.145:ERROR:process_reader_win.cc(142)] SuspendThread: 拒绝访问。 (0x5)
[0601/120156.145:ERROR:process_reader_win.cc(142)] SuspendThread: 拒绝访问。 (0x5)
[0601/120156.145:ERROR:process_reader_win.cc(142)] SuspendThread: 拒绝访问。 (0x5)
[0601/120156.145:ERROR:process_reader_win.cc(142)] SuspendThread: 拒绝访问。 (0x5)
[0601/120156.159:ERROR:process_reader_win.cc(233)] ReadMemory at 0x5ca0048 of 32768 bytes failed: 仅完成部分的 ReadProcessMemory 或 WriteProcessMemory 请求。 (0x12B)
[0601/120156.159:WARNING:pe_image_annotations_reader.cc(65)] could not read simple annotations from C:\Program Files (x86)\Google\Chrome\Application\57.0.2987.133\chrome_elf.dll
[0601/120156.184:ERROR:process_reader_win.cc(142)] SuspendThread: 拒绝访问。 (0x5)
[0601/120156.203:ERROR:process_reader_win.cc(233)] ReadMemory at 0x5ba0048 of 32768 bytes failed: 仅完成部分的 ReadProcessMemory 或 WriteProcessMemory 请求。 (0x12B)
[0601/120156.203:WARNING:pe_image_annotations_reader.cc(65)] could not read simple annotations from C:\Program Files (x86)\Google\Chrome\Application\57.0.2987.133\chrome_elf.dll
[0601/193423.275:ERROR:process_reader_win.cc(233)] ReadMemory at 0x6180048 of 32768 bytes failed: 仅完成部分的 ReadProcessMemory 或 WriteProcessMemory 请求。 (0x12B)
[0601/193423.275:WARNING:pe_image_annotations_reader.cc(65)] could not read simple annotations from C:\Program Files (x86)\Google\Chrome\Application\57.0.2987.133\chrome_elf.dll
[0601/193423.322:ERROR:process_reader_win.cc(233)] ReadMemory at 0x56c0048 of 32768 bytes failed: 仅完成部分的 ReadProcessMemory 或 WriteProcessMemory 请求。 (0x12B)
[0601/193423.322:WARNING:pe_image_annotations_reader.cc(65)] could not read simple annotations from C:\Program Files (x86)\Google\Chrome\Application\57.0.2987.133\chrome_elf.dll
[0601/193547.464:ERROR:http_transport_win.cc(50)] WinHttpSendRequest: 与服务器的连接意外终止  (0x2EFE)
[0602/231509.357:ERROR:process_reader_win.cc(233)] ReadMemory at 0x5830048 of 32768 bytes failed: 仅完成部分的 ReadProcessMemory 或 WriteProcessMemory 请求。 (0x12B)
[0602/231509.372:WARNING:pe_image_annotations_reader.cc(65)] could not read simple annotations from C:\Program Files (x86)\Google\Chrome\Application\57.0.2987.133\chrome_elf.dll
[0602/231633.511:ERROR:http_transport_win.cc(50)] WinHttpSendRequest: 与服务器的连接意外终止  (0x2EFE)
[0603/231924.286:ERROR:process_reader_win.cc(142)] SuspendThread: 拒绝访问。 (0x5)
[0603/231924.369:ERROR:process_reader_win.cc(233)] ReadMemory at 0x57e0048 of 32768 bytes failed: 仅完成部分的 ReadProcessMemory 或 WriteProcessMemory 请求。 (0x12B)
[0603/231924.369:WARNING:pe_image_annotations_reader.cc(65)] could not read simple annotations from C:\Program Files (x86)\Google\Chrome\Application\57.0.2987.133\chrome_elf.dll
[0605/182027.104:ERROR:process_reader_win.cc(142)] SuspendThread: 拒绝访问。 (0x5)
[0605/182027.255:ERROR:process_reader_win.cc(233)] ReadMemory at 0x59a0048 of 32768 bytes failed: 仅完成部分的 ReadProcessMemory 或 WriteProcessMemory 请求。 (0x12B)
[0605/182027.256:WARNING:pe_image_annotations_reader.cc(65)] could not read simple annotations from C:\Program Files (x86)\Google\Chrome\Application\57.0.2987.133\chrome_elf.dll
[0605/182135.612:ERROR:http_transport_win.cc(50)] WinHttpSendRequest: 与服务器的连接意外终止  (0x2EFE)
[0607/154727.286:ERROR:process_reader_win.cc(233)] ReadMemory at 0x5760048 of 32768 bytes failed: 仅完成部分的 ReadProcessMemory 或 WriteProcessMemory 请求。 (0x12B)
[0607/154727.309:WARNING:pe_image_annotations_reader.cc(65)] could not read simple annotations from C:\Program Files (x86)\Google\Chrome\Application\57.0.2987.133\chrome_elf.dll
[0607/154826.053:ERROR:process_reader_win.cc(142)] SuspendThread: 拒绝访问。 (0x5)
[0607/154826.055:ERROR:process_reader_win.cc(142)] SuspendThread: 拒绝访问。 (0x5)
[0607/154826.055:ERROR:process_reader_win.cc(142)] SuspendThread: 拒绝访问。 (0x5)
[0607/154826.055:ERROR:process_reader_win.cc(142)] SuspendThread: 拒绝访问。 (0x5)
[0607/154826.055:ERROR:process_reader_win.cc(142)] SuspendThread: 拒绝访问。 (0x5)
[0607/154826.055:ERROR:process_reader_win.cc(142)] SuspendThread: 拒绝访问。 (0x5)
[0607/154826.055:ERROR:process_reader_win.cc(142)] SuspendThread: 拒绝访问。 (0x5)
[0607/154826.055:ERROR:process_reader_win.cc(142)] SuspendThread: 拒绝访问。 (0x5)
[0607/154826.055:ERROR:process_reader_win.cc(142)] SuspendThread: 拒绝访问。 (0x5)
[0607/154826.061:ERROR:process_reader_win.cc(142)] SuspendThread: 拒绝访问。 (0x5)
[0607/154826.062:ERROR:process_reader_win.cc(142)] SuspendThread: 拒绝访问。 (0x5)
[0607/154826.062:ERROR:process_reader_win.cc(142)] SuspendThread: 拒绝访问。 (0x5)
[0607/154826.062:ERROR:process_reader_win.cc(142)] SuspendThread: 拒绝访问。 (0x5)
[0607/154826.062:ERROR:process_reader_win.cc(142)] SuspendThread: 拒绝访问。 (0x5)
[0607/154826.062:ERROR:process_reader_win.cc(142)] SuspendThread: 拒绝访问。 (0x5)
[0607/154826.062:ERROR:process_reader_win.cc(142)] SuspendThread: 拒绝访问。 (0x5)
[0607/154826.062:ERROR:process_reader_win.cc(142)] SuspendThread: 拒绝访问。 (0x5)
[0607/154826.070:ERROR:process_reader_win.cc(142)] SuspendThread: 拒绝访问。 (0x5)
[0607/154826.070:ERROR:process_reader_win.cc(142)] SuspendThread: 拒绝访问。 (0x5)
[0607/154826.070:ERROR:process_reader_win.cc(142)] SuspendThread: 拒绝访问。 (0x5)
[0607/154826.070:ERROR:process_reader_win.cc(142)] SuspendThread: 拒绝访问。 (0x5)
[0607/154826.071:ERROR:process_reader_win.cc(142)] SuspendThread: 拒绝访问。 (0x5)
[0607/154826.071:ERROR:process_reader_win.cc(142)] SuspendThread: 拒绝访问。 (0x5)
[0607/154826.071:ERROR:process_reader_win.cc(142)] SuspendThread: 拒绝访问。 (0x5)
[0607/154826.071:ERROR:process_reader_win.cc(142)] SuspendThread: 拒绝访问。 (0x5)
[0607/154826.071:ERROR:process_reader_win.cc(142)] SuspendThread: 拒绝访问。 (0x5)
[0607/154826.073:ERROR:process_reader_win.cc(233)] ReadMemory at 0x5830048 of 32768 bytes failed: 仅完成部分的 ReadProcessMemory 或 WriteProcessMemory 请求。 (0x12B)
[0607/154826.073:WARNING:pe_image_annotations_reader.cc(65)] could not read simple annotations from C:\Program Files (x86)\Google\Chrome\Application\57.0.2987.133\chrome_elf.dll
[0607/154826.076:ERROR:process_reader_win.cc(233)] ReadMemory at 0x54e0048 of 32768 bytes failed: 仅完成部分的 ReadProcessMemory 或 WriteProcessMemory 请求。 (0x12B)
[0607/154826.076:WARNING:pe_image_annotations_reader.cc(65)] could not read simple annotations from C:\Program Files (x86)\Google\Chrome\Application\57.0.2987.133\chrome_elf.dll
[0607/154826.085:ERROR:process_reader_win.cc(233)] ReadMemory at 0x5f70048 of 32768 bytes failed: 仅完成部分的 ReadProcessMemory 或 WriteProcessMemory 请求。 (0x12B)
[0607/154826.085:WARNING:pe_image_annotations_reader.cc(65)] could not read simple annotations from C:\Program Files (x86)\Google\Chrome\Application\57.0.2987.133\chrome_elf.dll
[0607/154826.149:ERROR:process_reader_win.cc(233)] ReadMemory at 0x5230048 of 32768 bytes failed: 仅完成部分的 ReadProcessMemory 或 WriteProcessMemory 请求。 (0x12B)
[0607/154826.149:WARNING:pe_image_annotations_reader.cc(65)] could not read simple annotations from C:\Program Files (x86)\Google\Chrome\Application\57.0.2987.133\chrome_elf.dll
[0607/154836.442:ERROR:http_transport_win.cc(50)] WinHttpSendRequest: 与服务器的连接意外终止  (0x2EFE)
